This is pdfTeX, Version 3.14159265-2.6-1.40.21 (TeX Live 2020/Debian) (preloaded format=pdflatex 2022.1.31)  13 FEB 2022 18:26
entering extended mode
 restricted \write18 enabled.
 %&-line parsing enabled.
**RenduFinal
(./RenduFinal
LaTeX2e <2020-10-01> patch level 4
L3 programming layer <2021-01-09> xparse <2020-03-03>
(/usr/share/texlive/texmf-dist/tex/latex/base/article.cls
Document Class: article 2020/04/10 v1.4m Standard LaTeX document class
(/usr/share/texlive/texmf-dist/tex/latex/base/size10.clo
File: size10.clo 2020/04/10 v1.4m Standard LaTeX file (size option)
)
\c@part=\count177
\c@section=\count178
\c@subsection=\count179
\c@subsubsection=\count180
\c@paragraph=\count181
\c@subparagraph=\count182
\c@figure=\count183
\c@table=\count184
\abovecaptionskip=\skip47
\belowcaptionskip=\skip48
\bibindent=\dimen138
)
(/usr/share/texlive/texmf-dist/tex/latex/base/inputenc.sty
Package: inputenc 2020/08/01 v1.3d Input encoding file
\inpenc@prehook=\toks15
\inpenc@posthook=\toks16
)
(/usr/share/texlive/texmf-dist/tex/latex/base/fontenc.sty
Package: fontenc 2020/08/10 v2.0s Standard LaTeX package
)
(/usr/share/texlive/texmf-dist/tex/generic/babel/babel.sty
Package: babel 2021/01/26 3.53 The Babel package

(/usr/share/texlive/texmf-dist/tex/generic/babel/babel.def
File: babel.def 2021/01/26 3.53 Babel common definitions
\babel@savecnt=\count185
\U@D=\dimen139
\l@babelnohyphens=\language5

(/usr/share/texlive/texmf-dist/tex/generic/babel/txtbabel.def)
\bbl@readstream=\read2
)
\bbl@dirlevel=\count186

(/usr/share/texlive/texmf-dist/tex/generic/babel-french/french.ldf
Language: french 2020/10/10 v3.5l French support from the babel system
Package babel Info: \l@acadian = using hyphenrules for french
(babel)             (\language4) on input line 91.
Package babel Info: \l@canadien = using hyphenrules for french
(babel)             (\language4) on input line 92.
\FB@nonchar=\count187
Package babel Info: Making : an active character on input line 430.
Package babel Info: Making ; an active character on input line 431.
Package babel Info: Making ! an active character on input line 432.
Package babel Info: Making ? an active character on input line 433.
\FBguill@level=\count188
\FBold@everypar=\toks17
\FB@Mht=\dimen140
\mc@charclass=\count189
\mc@charfam=\count190
\mc@charslot=\count191
\std@mcc=\count192
\dec@mcc=\count193
\listindentFB=\dimen141
\descindentFB=\dimen142
\labelindentFB=\dimen143
\labelwidthFB=\dimen144
\leftmarginFB=\dimen145
\parindentFFN=\dimen146
\FBfnindent=\dimen147
))
(/usr/share/texlive/texmf-dist/tex/latex/carlisle/scalefnt.sty)
(/usr/share/texlive/texmf-dist/tex/latex/graphics/keyval.sty
Package: keyval 2014/10/28 v1.15 key=value parser (DPC)
\KV@toks@=\toks18
)
(/usr/share/texlive/texmf-dist/tex/latex/amsmath/amsmath.sty
Package: amsmath 2020/09/23 v2.17i AMS math features
\@mathmargin=\skip49

For additional information on amsmath, use the `?' option.
(/usr/share/texlive/texmf-dist/tex/latex/amsmath/amstext.sty
Package: amstext 2000/06/29 v2.01 AMS text

(/usr/share/texlive/texmf-dist/tex/latex/amsmath/amsgen.sty
File: amsgen.sty 1999/11/30 v2.0 generic functions
\@emptytoks=\toks19
\ex@=\dimen148
))
(/usr/share/texlive/texmf-dist/tex/latex/amsmath/amsbsy.sty
Package: amsbsy 1999/11/29 v1.2d Bold Symbols
\pmbraise@=\dimen149
)
(/usr/share/texlive/texmf-dist/tex/latex/amsmath/amsopn.sty
Package: amsopn 2016/03/08 v2.02 operator names
)
\inf@bad=\count194
LaTeX Info: Redefining \frac on input line 234.
\uproot@=\count195
\leftroot@=\count196
LaTeX Info: Redefining \overline on input line 399.
\classnum@=\count197
\DOTSCASE@=\count198
LaTeX Info: Redefining \ldots on input line 496.
LaTeX Info: Redefining \dots on input line 499.
LaTeX Info: Redefining \cdots on input line 620.
\Mathstrutbox@=\box47
\strutbox@=\box48
\big@size=\dimen150
LaTeX Font Info:    Redeclaring font encoding OML on input line 743.
LaTeX Font Info:    Redeclaring font encoding OMS on input line 744.
\macc@depth=\count199
\c@MaxMatrixCols=\count266
\dotsspace@=\muskip16
\c@parentequation=\count267
\dspbrk@lvl=\count268
\tag@help=\toks20
\row@=\count269
\column@=\count270
\maxfields@=\count271
\andhelp@=\toks21
\eqnshift@=\dimen151
\alignsep@=\dimen152
\tagshift@=\dimen153
\tagwidth@=\dimen154
\totwidth@=\dimen155
\lineht@=\dimen156
\@envbody=\toks22
\multlinegap=\skip50
\multlinetaggap=\skip51
\mathdisplay@stack=\toks23
LaTeX Info: Redefining \[ on input line 2923.
LaTeX Info: Redefining \] on input line 2924.
)
(/usr/share/texlive/texmf-dist/tex/latex/graphics/graphicx.sty
Package: graphicx 2020/09/09 v1.2b Enhanced LaTeX Graphics (DPC,SPQR)

(/usr/share/texlive/texmf-dist/tex/latex/graphics/graphics.sty
Package: graphics 2020/08/30 v1.4c Standard LaTeX Graphics (DPC,SPQR)

(/usr/share/texlive/texmf-dist/tex/latex/graphics/trig.sty
Package: trig 2016/01/03 v1.10 sin cos tan (DPC)
)
(/usr/share/texlive/texmf-dist/tex/latex/graphics-cfg/graphics.cfg
File: graphics.cfg 2016/06/04 v1.11 sample graphics configuration
)
Package graphics Info: Driver file: pdftex.def on input line 105.

(/usr/share/texlive/texmf-dist/tex/latex/graphics-def/pdftex.def
File: pdftex.def 2020/10/05 v1.2a Graphics/color driver for pdftex
))
\Gin@req@height=\dimen157
\Gin@req@width=\dimen158
)
(/usr/share/texlive/texmf-dist/tex/latex/hyperref/hyperref.sty
Package: hyperref 2020-05-15 v7.00e Hypertext links for LaTeX

(/usr/share/texlive/texmf-dist/tex/generic/ltxcmds/ltxcmds.sty
Package: ltxcmds 2020-05-10 v1.25 LaTeX kernel commands for general use (HO)
)
(/usr/share/texlive/texmf-dist/tex/generic/iftex/iftex.sty
Package: iftex 2020/03/06 v1.0d TeX engine tests
)
(/usr/share/texlive/texmf-dist/tex/generic/pdftexcmds/pdftexcmds.sty
Package: pdftexcmds 2020-06-27 v0.33 Utility functions of pdfTeX for LuaTeX (HO
)

(/usr/share/texlive/texmf-dist/tex/generic/infwarerr/infwarerr.sty
Package: infwarerr 2019/12/03 v1.5 Providing info/warning/error messages (HO)
)
Package pdftexcmds Info: \pdf@primitive is available.
Package pdftexcmds Info: \pdf@ifprimitive is available.
Package pdftexcmds Info: \pdfdraftmode found.
)
(/usr/share/texlive/texmf-dist/tex/generic/kvsetkeys/kvsetkeys.sty
Package: kvsetkeys 2019/12/15 v1.18 Key value parser (HO)
)
(/usr/share/texlive/texmf-dist/tex/generic/kvdefinekeys/kvdefinekeys.sty
Package: kvdefinekeys 2019-12-19 v1.6 Define keys (HO)
)
(/usr/share/texlive/texmf-dist/tex/generic/pdfescape/pdfescape.sty
Package: pdfescape 2019/12/09 v1.15 Implements pdfTeX's escape features (HO)
)
(/usr/share/texlive/texmf-dist/tex/latex/hycolor/hycolor.sty
Package: hycolor 2020-01-27 v1.10 Color options for hyperref/bookmark (HO)
)
(/usr/share/texlive/texmf-dist/tex/latex/letltxmacro/letltxmacro.sty
Package: letltxmacro 2019/12/03 v1.6 Let assignment for LaTeX macros (HO)
)
(/usr/share/texlive/texmf-dist/tex/latex/auxhook/auxhook.sty
Package: auxhook 2019-12-17 v1.6 Hooks for auxiliary files (HO)
)
(/usr/share/texlive/texmf-dist/tex/latex/kvoptions/kvoptions.sty
Package: kvoptions 2020-10-07 v3.14 Key value format for package options (HO)
)
\@linkdim=\dimen159
\Hy@linkcounter=\count272
\Hy@pagecounter=\count273

(/usr/share/texlive/texmf-dist/tex/latex/hyperref/pd1enc.def
File: pd1enc.def 2020-05-15 v7.00e Hyperref: PDFDocEncoding definition (HO)
Now handling font encoding PD1 ...
... no UTF-8 mapping file for font encoding PD1
)
(/usr/share/texlive/texmf-dist/tex/generic/intcalc/intcalc.sty
Package: intcalc 2019/12/15 v1.3 Expandable calculations with integers (HO)
)
(/usr/share/texlive/texmf-dist/tex/generic/etexcmds/etexcmds.sty
Package: etexcmds 2019/12/15 v1.7 Avoid name clashes with e-TeX commands (HO)
)
\Hy@SavedSpaceFactor=\count274
Package hyperref Info: Option `colorlinks' set `true' on input line 4338.
Package hyperref Info: Hyper figures OFF on input line 4464.
Package hyperref Info: Link nesting OFF on input line 4469.
Package hyperref Info: Hyper index ON on input line 4472.
Package hyperref Info: Plain pages OFF on input line 4479.
Package hyperref Info: Backreferencing OFF on input line 4484.
Package hyperref Info: Implicit mode ON; LaTeX internals redefined.
Package hyperref Info: Bookmarks ON on input line 4717.
\c@Hy@tempcnt=\count275

(/usr/share/texlive/texmf-dist/tex/latex/url/url.sty
\Urlmuskip=\muskip17
Package: url 2013/09/16  ver 3.4  Verb mode for urls, etc.
)
LaTeX Info: Redefining \url on input line 5076.
\XeTeXLinkMargin=\dimen160

(/usr/share/texlive/texmf-dist/tex/generic/bitset/bitset.sty
Package: bitset 2019/12/09 v1.3 Handle bit-vector datatype (HO)

(/usr/share/texlive/texmf-dist/tex/generic/bigintcalc/bigintcalc.sty
Package: bigintcalc 2019/12/15 v1.5 Expandable calculations on big integers (HO
)
))
\Fld@menulength=\count276
\Field@Width=\dimen161
\Fld@charsize=\dimen162
Package hyperref Info: Hyper figures OFF on input line 6347.
Package hyperref Info: Link nesting OFF on input line 6352.
Package hyperref Info: Hyper index ON on input line 6355.
Package hyperref Info: backreferencing OFF on input line 6362.
Package hyperref Info: Link coloring ON on input line 6365.
Package hyperref Info: Link coloring with OCG OFF on input line 6372.
Package hyperref Info: PDF/A mode OFF on input line 6377.
LaTeX Info: Redefining \ref on input line 6417.
LaTeX Info: Redefining \pageref on input line 6421.

(/usr/share/texlive/texmf-dist/tex/latex/base/atbegshi-ltx.sty
Package: atbegshi-ltx 2020/08/17 v1.0a Emulation of the original atbegshi packa
ge
with kernel methods
)
\Hy@abspage=\count277
\c@Item=\count278
\c@Hfootnote=\count279
)
Package hyperref Info: Driver (autodetected): hpdftex.

(/usr/share/texlive/texmf-dist/tex/latex/hyperref/hpdftex.def
File: hpdftex.def 2020-05-15 v7.00e Hyperref driver for pdfTeX

(/usr/share/texlive/texmf-dist/tex/latex/base/atveryend-ltx.sty
Package: atveryend-ltx 2020/08/19 v1.0a Emulation of the original atvery packag
e
with kernel methods
)
\Fld@listcount=\count280
\c@bookmark@seq@number=\count281

(/usr/share/texlive/texmf-dist/tex/latex/rerunfilecheck/rerunfilecheck.sty
Package: rerunfilecheck 2019/12/05 v1.9 Rerun checks for auxiliary files (HO)

(/usr/share/texlive/texmf-dist/tex/generic/uniquecounter/uniquecounter.sty
Package: uniquecounter 2019/12/15 v1.4 Provide unlimited unique counter (HO)
)
Package uniquecounter Info: New unique counter `rerunfilecheck' on input line 2
86.
)
\Hy@SectionHShift=\skip52
)
(/usr/share/texlive/texmf-dist/tex/latex/listings/listings.sty
\lst@mode=\count282
\lst@gtempboxa=\box49
\lst@token=\toks24
\lst@length=\count283
\lst@currlwidth=\dimen163
\lst@column=\count284
\lst@pos=\count285
\lst@lostspace=\dimen164
\lst@width=\dimen165
\lst@newlines=\count286
\lst@lineno=\count287
\lst@maxwidth=\dimen166

(/usr/share/texlive/texmf-dist/tex/latex/listings/lstmisc.sty
File: lstmisc.sty 2020/03/24 1.8d (Carsten Heinz)
\c@lstnumber=\count288
\lst@skipnumbers=\count289
\lst@framebox=\box50
)
(/usr/share/texlive/texmf-dist/tex/latex/listings/listings.cfg
File: listings.cfg 2020/03/24 1.8d listings configuration
))
Package: listings 2020/03/24 1.8d (Carsten Heinz)

(./placeins.sty
Package: placeins 2005/04/18  v 2.2
)
(/usr/share/texlive/texmf-dist/tex/latex/l3backend/l3backend-pdftex.def
File: l3backend-pdftex.def 2020-01-29 L3 backend support: PDF output (pdfTeX)
\l__color_backend_stack_int=\count290
\l__pdf_internal_box=\box51
)
(./RenduFinal.aux

LaTeX Warning: Label `fig:frog' multiply defined.

)
\openout1 = `RenduFinal.aux'.

LaTeX Font Info:    Checking defaults for OML/cmm/m/it on input line 14.
LaTeX Font Info:    ... okay on input line 14.
LaTeX Font Info:    Checking defaults for OMS/cmsy/m/n on input line 14.
LaTeX Font Info:    ... okay on input line 14.
LaTeX Font Info:    Checking defaults for OT1/cmr/m/n on input line 14.
LaTeX Font Info:    ... okay on input line 14.
LaTeX Font Info:    Checking defaults for T1/cmr/m/n on input line 14.
LaTeX Font Info:    ... okay on input line 14.
LaTeX Font Info:    Checking defaults for TS1/cmr/m/n on input line 14.
LaTeX Font Info:    ... okay on input line 14.
LaTeX Font Info:    Checking defaults for OMX/cmex/m/n on input line 14.
LaTeX Font Info:    ... okay on input line 14.
LaTeX Font Info:    Checking defaults for U/cmr/m/n on input line 14.
LaTeX Font Info:    ... okay on input line 14.
LaTeX Font Info:    Checking defaults for PD1/pdf/m/n on input line 14.
LaTeX Font Info:    ... okay on input line 14.
LaTeX Info: Redefining \degres on input line 14.
LaTeX Info: Redefining \dots on input line 14.
LaTeX Info: Redefining \up on input line 14.
 (/usr/share/texlive/texmf-dist/tex/context/base/mkii/supp-pdf.mkii
[Loading MPS to PDF converter (version 2006.09.02).]
\scratchcounter=\count291
\scratchdimen=\dimen167
\scratchbox=\box52
\nofMPsegments=\count292
\nofMParguments=\count293
\everyMPshowfont=\toks25
\MPscratchCnt=\count294
\MPscratchDim=\dimen168
\MPnumerator=\count295
\makeMPintoPDFobject=\count296
\everyMPtoPDFconversion=\toks26
) (/usr/share/texlive/texmf-dist/tex/latex/epstopdf-pkg/epstopdf-base.sty
Package: epstopdf-base 2020-01-24 v2.11 Base part for package epstopdf

(/usr/share/texlive/texmf-dist/tex/latex/grfext/grfext.sty
Package: grfext 2019/12/03 v1.3 Manage graphics extensions (HO)
)
Package epstopdf-base Info: Redefining graphics rule for `.eps' on input line 4
85.
Package grfext Info: Graphics extension search list:
(grfext)             [.pdf,.png,.jpg,.mps,.jpeg,.jbig2,.jb2,.PDF,.PNG,.JPG,.JPE
G,.JBIG2,.JB2,.eps]
(grfext)             \AppendGraphicsExtensions on input line 504.

(/usr/share/texlive/texmf-dist/tex/latex/latexconfig/epstopdf-sys.cfg
File: epstopdf-sys.cfg 2010/07/13 v1.3 Configuration of (r)epstopdf for TeX Liv
e
))
(/usr/share/texlive/texmf-dist/tex/latex/graphics/color.sty
Package: color 2020/02/24 v1.2b Standard LaTeX Color (DPC)

(/usr/share/texlive/texmf-dist/tex/latex/graphics-cfg/color.cfg
File: color.cfg 2016/01/02 v1.6 sample color configuration
)
Package color Info: Driver file: pdftex.def on input line 147.
)
Package hyperref Info: Link coloring ON on input line 14.

(/usr/share/texlive/texmf-dist/tex/latex/hyperref/nameref.sty
Package: nameref 2019/09/16 v2.46 Cross-referencing by name of section

(/usr/share/texlive/texmf-dist/tex/latex/refcount/refcount.sty
Package: refcount 2019/12/15 v3.6 Data extraction from label references (HO)
)
(/usr/share/texlive/texmf-dist/tex/generic/gettitlestring/gettitlestring.sty
Package: gettitlestring 2019/12/15 v1.6 Cleanup title references (HO)
)
\c@section@level=\count297
)
LaTeX Info: Redefining \ref on input line 14.
LaTeX Info: Redefining \pageref on input line 14.
LaTeX Info: Redefining \nameref on input line 14.

(./RenduFinal.out) (./RenduFinal.out)
\@outlinefile=\write3
\openout3 = `RenduFinal.out'.

\c@lstlisting=\count298

! Extra alignment tab has been changed to \cr.
<recently read> \endtemplate 
                             
l.16 \section
             {TP1}
? 
! Misplaced alignment tab character &.
<argument> ...ntHref }{\relax }}Raccourcis Linux &
                                                   Divers logiciel\fi 
l.25 ...aption{Raccourcis Linux & Divers logiciel}
                                                  
? 

LaTeX Warning: File `test/frog.jpg' not found on input line 34.


! Package pdftex.def Error: File `test/frog.jpg' not found: using draft setting
.

See the pdftex.def package documentation for explanation.
Type  H <return>  for immediate help.
 ...                                              
                                                  
l.34 ...graphics[height=\textwidth]{test/frog.jpg}
                                                  
? 

LaTeX Warning: `h' float specifier changed to `ht'.

[1

{/var/lib/texmf/fonts/map/pdftex/updmap/pdftex.map}]

LaTeX Warning: File `test/frog.jpg' not found on input line 49.


! Package pdftex.def Error: File `test/frog.jpg' not found: using draft setting
.

See the pdftex.def package documentation for explanation.
Type  H <return>  for immediate help.
 ...                                              
                                                  
l.49 ...egraphics[width=\textwidth]{test/frog.jpg}
                                                  
? 

Underfull \hbox (badness 10000) in paragraph at lines 54--57

 []

[2] [3]
LaTeX Font Info:    Trying to load font information for OMS+cmr on input line 6
2.
 (/usr/share/texlive/texmf-dist/tex/latex/base/omscmr.fd
File: omscmr.fd 2019/12/16 v2.5j Standard LaTeX font definitions
)
LaTeX Font Info:    Font shape `OMS/cmr/m/n' in size <10> not available
(Font)              Font shape `OMS/cmsy/m/n' tried instead on input line 62.

! Missing $ inserted.
<inserted text> 
                $
l.77 ...h puis on ajoute le script dans /etc/bash_
                                                  completion :
? 
! Missing $ inserted.
<inserted text> 
                $
l.78 \begin{lstlisting}
                       
? 
! Missing } inserted.
<inserted text> 
                }
l.78 \begin{lstlisting}
                       
? 
! Missing \endgroup inserted.
<inserted text> 
                \endgroup 
l.78 \begin{lstlisting}
                       
? 
! Missing \endgroup inserted.
<inserted text> 
                \endgroup 
l.78 \begin{lstlisting}
                       
? 
! Missing \endgroup inserted.
<inserted text> 
                \endgroup 
l.78 \begin{lstlisting}
                       
? 

Overfull \hbox (51.91989pt too wide) in paragraph at lines 77--78
[]\OT1/cmr/m/n/10 Cr^^Seer un fi-chier vide ba-ckup.sh puis on ajoute le script
 dans /etc/bash$[]\OML/cmm/m/it/10 ompletion \OT1/cmr/m/n/10 :
 []

! Extra }, or forgotten \endgroup.
\par ...m \@noitemerr {\@@par }\fi \else {\@@par }
                                                  \fi 
l.78 \begin{lstlisting}
                       
? 
! Undefined control sequence.
\lst@GetLineInterval ...r \lst@GLI \lst@linerange 
                                                  \@nil 
l.78 \begin{lstlisting}
                       
? 
Runaway argument?
\@nil \lst@ifsensitive \else \let \lst@KeywordTest \lst@KEYWORDTEST \let \ETC.
! Paragraph ended before \lst@GLI was complete.
<to be read again> 
                   \par 
l.80 
     
? 
! Missing $ inserted.
<inserted text> 
                $
l.81 _
      backup()
? 
! Missing $ inserted.
<inserted text> 
                $
l.84 
     
? 
! Missing } inserted.
<inserted text> 
                }
l.84 
     
? 
! Missing $ inserted.
<inserted text> 
                $
l.86     prev="${COMP_
                      WORDS[COMP_CWORD-1]}"
? 
! Extra }, or forgotten $.
l.86     prev="${COMP_WORDS[COMP_CWORD-1]}
                                          "
? 
! Missing $ inserted.
<inserted text> 
                $
l.87 
     
? 

Overfull \hbox (33.99393pt too wide) in paragraph at lines 85--87
[]\OT1/cmr/m/n/10 cur="$[]"\OML/cmm/m/it/10 prev \OT1/cmr/m/n/10 = "$COMP$[]\OM
L/cmm/m/it/10 ORDS\OT1/cmr/m/n/10 [\OML/cmm/m/it/10 COMP[]WORD \OMS/cmsy/m/n/10
 ^^@
 []

! Missing $ inserted.
<inserted text> 
                $
l.89 
     
? 

Overfull \hbox (122.05063pt too wide) in paragraph at lines 90--96
[]\OT1/cmr/m/n/10 case $\OML/cmm/m/it/10 COMP[]WORDin\OT1/cmr/m/n/10 1)\OML/cmm
/m/it/10 opts \OT1/cmr/m/n/10 = `\OML/cmm/m/it/10 getentpasswd\OMS/cmsy/m/n/10 
j\OML/cmm/m/it/10 cut \OMS/cmsy/m/n/10 ^^@ \OML/cmm/m/it/10 d \OT1/cmr/m/n/10 :
 \OMS/cmsy/m/n/10 ^^@\OML/cmm/m/it/10 f\OT1/cmr/m/n/10 1`; ; 2)\OML/cmm/m/it/10
 opts \OT1/cmr/m/n/10 = "\OML/cmm/m/it/10 nowtonighttomorrow\OT1/cmr/m/n/10 "; 
; 3)\OML/cmm/m/it/10 opts \OT1/cmr/m/n/10 =
 []

! Extra }, or forgotten $.
l.100 }
       
? 
! Missing $ inserted.
<inserted text> 
                $
l.101 
      
? 
! Missing $ inserted.
<inserted text> 
                $
l.102 complete -o nospace -F _
                              backup backup
? 

! Undefined control sequence.
\lstlisting ->\def \lstenv@name 
                                {lstlisting}\begingroup \lst@setcatcodes \ca...
l.103 \end{lstlisting}
                      
? 
! Package Listings Error: Extra \endlstlisting.

See the Listings package documentation for explanation.
Type  H <return>  for immediate help.
 ...                                              
                                                  
l.103 \end{lstlisting}
                      
? 

! LaTeX Error: \begin{itemize} on input line 76 ended by \end{lstlisting}.

See the LaTeX manual or LaTeX Companion for explanation.
Type  H <return>  for immediate help.
 ...                                              
                                                  
l.103 \end{lstlisting}
                      
? 
! Missing $ inserted.
<inserted text> 
                $
l.103 \end{lstlisting}
                      
? 
! Missing } inserted.
<inserted text> 
                }
l.103 \end{lstlisting}
                      
? 

Overfull \hbox (594.00941pt too wide) in paragraph at lines 113--114
[][][][][][][][][][][][][][][][][][][][][][][][][][][][][][][][][][][][][][][][
][]
 []


Overfull \hbox (90.00429pt too wide) in paragraph at lines 117--118
[][][][][][][][][][][][][] 
 []


! Package inputenc Error: Invalid UTF-8 byte sequence.

See the inputenc package documentation for explanation.
Type  H <return>  for immediate help.
 ...                                              
                                                  
l.118 ...ROMPT_RUNNING="%{$fg_no_bold[green]%}●"
                                                  
? 

! Package inputenc Error: Invalid UTF-8 byte "8F.

See the inputenc package documentation for explanation.
Type  H <return>  for immediate help.
 ...                                              
                                                  
l.118 ...ROMPT_RUNNING="%{$fg_no_bold[green]%}●"
                                                  
? 

Overfull \hbox (30.00368pt too wide) in paragraph at lines 118--119
[][][][][][][][][][][] 
 []


! Package inputenc Error: Invalid UTF-8 byte sequence.

See the inputenc package documentation for explanation.
Type  H <return>  for immediate help.
 ...                                              
                                                  
l.119 ...PROMPT_POWEROFF="%{$fg_no_bold[red]%}●"
                                                  
? 

! Package inputenc Error: Invalid UTF-8 byte "8F.

See the inputenc package documentation for explanation.
Type  H <return>  for immediate help.
 ...                                              
                                                  
l.119 ...PROMPT_POWEROFF="%{$fg_no_bold[red]%}●"
                                                  
? 

Overfull \hbox (24.00362pt too wide) in paragraph at lines 119--120
[][][][][][][][][][][] 
 []


! Package inputenc Error: Invalid UTF-8 byte sequence.

See the inputenc package documentation for explanation.
Type  H <return>  for immediate help.
 ...                                              
                                                  
l.120 ...PT_SUSPENDED="%{$fg_no_bold[yellow]%}●"
                                                  
? 

! Package inputenc Error: Invalid UTF-8 byte "8F.

See the inputenc package documentation for explanation.
Type  H <return>  for immediate help.
 ...                                              
                                                  
l.120 ...PT_SUSPENDED="%{$fg_no_bold[yellow]%}●"
                                                  
? 

Overfull \hbox (48.00386pt too wide) in paragraph at lines 120--121
[][][][][][][][][][][] 
 []


! Package inputenc Error: Invalid UTF-8 byte sequence.

See the inputenc package documentation for explanation.
Type  H <return>  for immediate help.
 ...                                              
                                                  
l.121 ...T_NOT_CREATED="%{$fg_no_bold[white]%}○"
                                                  
? 

! Package inputenc Error: Invalid UTF-8 byte "8B.

See the inputenc package documentation for explanation.
Type  H <return>  for immediate help.
 ...                                              
                                                  
l.121 ...T_NOT_CREATED="%{$fg_no_bold[white]%}○"
                                                  
? 

Overfull \hbox (54.00392pt too wide) in paragraph at lines 121--123
[][][][][][][][][][][] 
 []


! LaTeX Error: Lonely \item--perhaps a missing list environment.

See the LaTeX manual or LaTeX Companion for explanation.
Type  H <return>  for immediate help.
 ...                                              
                                                  
l.128 \item
            Code à ajouter dans le fichier ~/.zhsrc
? 

Underfull \hbox (badness 10000) detected at line 128
[][]
 []

[4]

! LaTeX Error: Lonely \item--perhaps a missing list environment.

See the LaTeX manual or LaTeX Companion for explanation.
Type  H <return>  for immediate help.
 ...                                              
                                                  
l.128 \item C
             ode à ajouter dans le fichier ~/.zhsrc
? 

Underfull \hbox (badness 10000) detected at line 128
[][]
 []


Overfull \hbox (33.00385pt too wide) in paragraph at lines 131--132
[][][][][][][][][][][][][][][][][][][][][][][][][][][] 
 []

! Missing $ inserted.
<inserted text> 
                $
l.172     \item cat /vagrant/id_
                                rsa.pub >> ~/.ssh/authorized_keys
? 

! LaTeX Error: Command \end{itemize} invalid in math mode.

See the LaTeX manual or LaTeX Companion for explanation.
Type  H <return>  for immediate help.
 ...                                              
                                                  
l.173 \end{itemize}
                   
? 

! LaTeX Error: Something's wrong--perhaps a missing \item.

See the LaTeX manual or LaTeX Companion for explanation.
Type  H <return>  for immediate help.
 ...                                              
                                                  
l.173 \end{itemize}
                   
? 

! LaTeX Error: Something's wrong--perhaps a missing \item.

See the LaTeX manual or LaTeX Companion for explanation.
Type  H <return>  for immediate help.
 ...                                              
                                                  
l.173 \end{itemize}
                   
? 
! Missing $ inserted.
<inserted text> 
                $
l.173 \end{itemize}
                   
? 
! Missing $ inserted.
<inserted text> 
                $
l.177     \item Purge du fichier know_
                                      hosts :
? 

! LaTeX Error: Command \item invalid in math mode.

See the LaTeX manual or LaTeX Companion for explanation.
Type  H <return>  for immediate help.
 ...                                              
                                                  
l.178     \item
                echo "" >> know_hosts
? 

! LaTeX Error: Something's wrong--perhaps a missing \item.

See the LaTeX manual or LaTeX Companion for explanation.
Type  H <return>  for immediate help.
 ...                                              
                                                  
l.178     \item e
                 cho "" >> know_hosts
? 

! LaTeX Error: Something's wrong--perhaps a missing \item.

See the LaTeX manual or LaTeX Companion for explanation.
Type  H <return>  for immediate help.
 ...                                              
                                                  
l.178     \item e
                 cho "" >> know_hosts
? 

! LaTeX Error: Command \item invalid in math mode.

See the LaTeX manual or LaTeX Companion for explanation.
Type  H <return>  for immediate help.
 ...                                              
                                                  
l.179     \item
                copie manuel :cat /vagrant/id_rsa.pub >> ~/.ssh/authorized_keys

? 
! Missing $ inserted.
<inserted text> 
                $
l.179     \item c
                 opie manuel :cat /vagrant/id_rsa.pub >> ~/.ssh/authorized_keys

? 
! Missing } inserted.
<inserted text> 
                }
l.179     \item c
                 opie manuel :cat /vagrant/id_rsa.pub >> ~/.ssh/authorized_keys

? 
! Extra }, or forgotten \endgroup.
\par ...m \@noitemerr {\@@par }\fi \else {\@@par }
                                                  \fi 
l.179     \item c
                 opie manuel :cat /vagrant/id_rsa.pub >> ~/.ssh/authorized_keys

? 
[5]
! Missing $ inserted.
<inserted text> 
                $
l.179     \item copie manuel :cat /vagrant/id_
                                              rsa.pub >> ~/.ssh/authorized_keys

? 

! LaTeX Error: Command \end{itemize} invalid in math mode.

See the LaTeX manual or LaTeX Companion for explanation.
Type  H <return>  for immediate help.
 ...                                              
                                                  
l.180 \end{itemize}
                   
? 

! LaTeX Error: Something's wrong--perhaps a missing \item.

See the LaTeX manual or LaTeX Companion for explanation.
Type  H <return>  for immediate help.
 ...                                              
                                                  
l.180 \end{itemize}
                   
? 

! LaTeX Error: Something's wrong--perhaps a missing \item.

See the LaTeX manual or LaTeX Companion for explanation.
Type  H <return>  for immediate help.
 ...                                              
                                                  
l.180 \end{itemize}
                   
? 
! Missing $ inserted.
<inserted text> 
                $
l.180 \end{itemize}
                   
? 

! LaTeX Error: Something's wrong--perhaps a missing \item.

See the LaTeX manual or LaTeX Companion for explanation.
Type  H <return>  for immediate help.
 ...                                              
                                                  
l.188 \end{itemize}
                   
? 
! Missing $ inserted.
<inserted text> 
                $
l.201 ...uivantes et modifier la valeur de server_
                                                  port :
? 
! Missing $ inserted.
<inserted text> 
                $
l.202 \begin{lstlisting}
                        
? 
! Missing } inserted.
<inserted text> 
                }
l.202 \begin{lstlisting}
                        
? 
! Missing \endgroup inserted.
<inserted text> 
                \endgroup 
l.202 \begin{lstlisting}
                        
? 
! Missing \endgroup inserted.
<inserted text> 
                \endgroup 
l.202 \begin{lstlisting}
                        
? 
! Missing \endgroup inserted.
<inserted text> 
                \endgroup 
l.202 \begin{lstlisting}
                        
? 
! Extra }, or forgotten \endgroup.
\par ...m \@noitemerr {\@@par }\fi \else {\@@par }
                                                  \fi 
l.202 \begin{lstlisting}
                        
? 
! Undefined control sequence.
\lst@GetLineInterval ...r \lst@GLI \lst@linerange 
                                                  \@nil 
l.202 \begin{lstlisting}
                        
? 
Runaway argument?
\@nil \lst@ifsensitive \else \let \lst@KeywordTest \lst@KEYWORDTEST \let \ETC.
! Paragraph ended before \lst@GLI was complete.
<to be read again> 
                   \par 
l.206 
      
? 

! Undefined control sequence.
\lstlisting ->\def \lstenv@name 
                                {lstlisting}\begingroup \lst@setcatcodes \ca...
l.207 \end{lstlisting}
                      
? 
! Package Listings Error: Extra \endlstlisting.

See the Listings package documentation for explanation.
Type  H <return>  for immediate help.
 ...                                              
                                                  
l.207 \end{lstlisting}
                      
? 

! LaTeX Error: \begin{itemize} on input line 198 ended by \end{lstlisting}.

See the LaTeX manual or LaTeX Companion for explanation.
Type  H <return>  for immediate help.
 ...                                              
                                                  
l.207 \end{lstlisting}
                      
? 

! LaTeX Error: \begin{document} ended by \end{itemize}.

See the LaTeX manual or LaTeX Companion for explanation.
Type  H <return>  for immediate help.
 ...                                              
                                                  
l.208 \end{itemize}
                   
? 
! Extra \endgroup.
<recently read> \endgroup 
                          
l.208 \end{itemize}
                   
? 
! You can't use `macro parameter character #' in vertical mode.
<recently read> ##
                  
l.215     \item #
                 ForwardX11 yes
? 
[6] (./RenduFinal.aux)

LaTeX Warning: There were multiply-defined labels.


Package rerunfilecheck Warning: File `RenduFinal.out' has changed.
(rerunfilecheck)                Rerun to get outlines right
(rerunfilecheck)                or use package `bookmark'.

Package rerunfilecheck Info: Checksums for `RenduFinal.out':
(rerunfilecheck)             Before: 5DDEE960A70D64863E5A599072F952AE;332
(rerunfilecheck)             After:  20B3783173DF985B2D6BFD68806B2E26;920.
 ) 
Here is how much of TeX's memory you used:
 9313 strings out of 481223
 136071 string characters out of 5914619
 480600 words of memory out of 5000000
 26031 multiletter control sequences out of 15000+600000
 409655 words of font info for 49 fonts, out of 8000000 for 9000
 14 hyphenation exceptions out of 8191
 71i,8n,74p,237b,1362s stack positions out of 5000i,500n,10000p,200000b,80000s
 </home/aurelien/.texlive2020/texmf-var/fonts/pk/ljfour/jknappen/ec/tcrm1000.
600pk></usr/share/texlive/texmf-dist/fonts/type1/public/amsfonts/cm/cmbx12.pfb>
</usr/share/texlive/texmf-dist/fonts/type1/public/amsfonts/cm/cmcsc10.pfb></usr
/share/texlive/texmf-dist/fonts/type1/public/amsfonts/cm/cmmi10.pfb></usr/share
/texlive/texmf-dist/fonts/type1/public/amsfonts/cm/cmmi7.pfb></usr/share/texliv
e/texmf-dist/fonts/type1/public/amsfonts/cm/cmr10.pfb></usr/share/texlive/texmf
-dist/fonts/type1/public/amsfonts/cm/cmr12.pfb></usr/share/texlive/texmf-dist/f
onts/type1/public/amsfonts/cm/cmr17.pfb></usr/share/texlive/texmf-dist/fonts/ty
pe1/public/amsfonts/cm/cmsy10.pfb></usr/share/texlive/texmf-dist/fonts/type1/pu
blic/amsfonts/cm/cmti10.pfb></usr/share/texlive/texmf-dist/fonts/type1/public/a
msfonts/cm/cmtt10.pfb>
Output written on RenduFinal.pdf (6 pages, 131452 bytes).
PDF statistics:
 190 PDF objects out of 1000 (max. 8388607)
 168 compressed objects within 2 object streams
 78 named destinations out of 1000 (max. 500000)
 57 words of extra memory for PDF output out of 10000 (max. 10000000)

